============================= test session starts ==============================
platform linux -- Python 3.13.5, pytest-9.1.1, pluggy-1.6.0 -- /workspace/Graphiti_fractal_lab/.venv/bin/python3
cachedir: .pytest_cache
rootdir: /workspace/Graphiti_fractal_lab
configfile: pytest.ini (WARNING: ignoring pytest config in pyproject.toml!)
plugins: asyncio-1.4.0, anyio-4.15.1
asyncio: mode=Mode.STRICT, debug=False, asyncio_default_fixture_loop_scope=None, asyncio_default_test_loop_scope=function
collecting ... collected 5 items

tests/lab/test_falkordblite_p4_routing.py::test_p4a_last_write_routing_matrix FAILED [ 20%]
tests/lab/test_falkordblite_p4_routing.py::test_p4b_multi_group_search PASSED [ 40%]
tests/lab/test_falkordblite_p4_routing.py::test_p4c_multi_group_retrieve_episodes FAILED [ 60%]
tests/lab/test_falkordblite_p4_routing.py::test_p4d_write_order_reversal FAILED [ 80%]
tests/lab/test_falkordblite_p4_routing.py::test_p4_cleanup_shutdown_warning_documented PASSED [100%]/workspace/Graphiti_fractal_lab/.venv/lib/python3.13/site-packages/_pytest/unraisableexception.py:67: PytestUnraisableExceptionWarning: Exception ignored in: <coroutine object AsyncManagementCommands.shutdown at 0x7fba9c4b8590>

Traceback (most recent call last):
  File "/usr/lib/python3.13/warnings.py", line 692, in _warn_unawaited_coroutine
    warn(msg, category=RuntimeWarning, stacklevel=2, source=coro)
    ~~~~^^^^^^^^^^^^^^^^^^^^^^^^^^^^^^^^^^^^^^^^^^^^^^^^^^^^^^^^^
RuntimeWarning: coroutine 'AsyncManagementCommands.shutdown' was never awaited

Enable tracemalloc to get traceback where the object was allocated.
See https://docs.pytest.org/en/stable/how-to/capture-warnings.html#resource-warnings for more info.
  warnings.warn(pytest.PytestUnraisableExceptionWarning(msg))
/workspace/Graphiti_fractal_lab/.venv/lib/python3.13/site-packages/_pytest/unraisableexception.py:67: PytestUnraisableExceptionWarning: Exception ignored in: <coroutine object AsyncManagementCommands.shutdown at 0x7fba9c4ba020>

Traceback (most recent call last):
  File "/usr/lib/python3.13/warnings.py", line 692, in _warn_unawaited_coroutine
    warn(msg, category=RuntimeWarning, stacklevel=2, source=coro)
    ~~~~^^^^^^^^^^^^^^^^^^^^^^^^^^^^^^^^^^^^^^^^^^^^^^^^^^^^^^^^^
RuntimeWarning: coroutine 'AsyncManagementCommands.shutdown' was never awaited

Enable tracemalloc to get traceback where the object was allocated.
See https://docs.pytest.org/en/stable/how-to/capture-warnings.html#resource-warnings for more info.
  warnings.warn(pytest.PytestUnraisableExceptionWarning(msg))
/workspace/Graphiti_fractal_lab/.venv/lib/python3.13/site-packages/_pytest/unraisableexception.py:67: PytestUnraisableExceptionWarning: Exception ignored in: <coroutine object AsyncManagementCommands.shutdown at 0x7fba9c4e7ab0>

Traceback (most recent call last):
  File "/usr/lib/python3.13/warnings.py", line 692, in _warn_unawaited_coroutine
    warn(msg, category=RuntimeWarning, stacklevel=2, source=coro)
    ~~~~^^^^^^^^^^^^^^^^^^^^^^^^^^^^^^^^^^^^^^^^^^^^^^^^^^^^^^^^^
RuntimeWarning: coroutine 'AsyncManagementCommands.shutdown' was never awaited

Enable tracemalloc to get traceback where the object was allocated.
See https://docs.pytest.org/en/stable/how-to/capture-warnings.html#resource-warnings for more info.
  warnings.warn(pytest.PytestUnraisableExceptionWarning(msg))


=================================== FAILURES ===================================
______________________ test_p4a_last_write_routing_matrix ______________________
tests/lab/test_falkordblite_p4_routing.py:162: in test_p4a_last_write_routing_matrix
    assert _marker_in_episodes(eps_a0, marker_a), "A episodes must retrieve before B"
E   AssertionError: A episodes must retrieve before B
E   assert False
E    +  where False = _marker_in_episodes([], 'A_ONLY_7effb3524bca43179c6c44f53be01ad9')
____________________ test_p4c_multi_group_retrieve_episodes ____________________
tests/lab/test_falkordblite_p4_routing.py:436: in test_p4c_multi_group_retrieve_episodes
    pytest.fail("P4C retrieve_episodes multi-group found neither marker")
E   Failed: P4C retrieve_episodes multi-group found neither marker
________________________ test_p4d_write_order_reversal _________________________
tests/lab/test_falkordblite_p4_routing.py:578: in test_p4d_write_order_reversal
    pytest.fail(
E   Failed: P4D last-write affinity failures: [{'sequence': 'A_then_B_read_A', 'surface': 'retrieve_episodes', 'driver_after_writes': 'p4d_B_db95ec5af0', 'requested_group': 'p4d_A_db95ec5af0'}]
=============================== warnings summary ===============================
.venv/lib/python3.13/site-packages/graphiti_core/driver/search_interface/search_interface.py:22
  /workspace/Graphiti_fractal_lab/.venv/lib/python3.13/site-packages/graphiti_core/driver/search_interface/search_interface.py:22: PydanticDeprecatedSince20: Support for class-based `config` is deprecated, use ConfigDict instead. Deprecated in Pydantic V2.0 to be removed in V3.0. See Pydantic V2 Migration Guide at https://errors.pydantic.dev/2.13/migration/
    class SearchInterface(BaseModel):

-- Docs: https://docs.pytest.org/en/stable/how-to/capture-warnings.html
=========================== short test summary info ============================
FAILED tests/lab/test_falkordblite_p4_routing.py::test_p4a_last_write_routing_matrix
FAILED tests/lab/test_falkordblite_p4_routing.py::test_p4c_multi_group_retrieve_episodes
FAILED tests/lab/test_falkordblite_p4_routing.py::test_p4d_write_order_reversal
=================== 3 failed, 2 passed, 1 warning in 32.69s ====================
