============================= test session starts ==============================
platform linux -- Python 3.13.5, pytest-9.1.1, pluggy-1.6.0 -- /workspace/Graphiti_fractal_lab/.venv/bin/python3
cachedir: .pytest_cache
rootdir: /workspace/Graphiti_fractal_lab
configfile: pytest.ini (WARNING: ignoring pytest config in pyproject.toml!)
plugins: asyncio-1.4.0, anyio-4.15.1
asyncio: mode=Mode.STRICT, debug=False, asyncio_default_fixture_loop_scope=None, asyncio_default_test_loop_scope=function
collecting ... collected 9 items

tests/lab/test_memoryops_fm9_fm10.py::test_fm9a_unit_classify PASSED     [ 11%]
tests/lab/test_memoryops_fm9_fm10.py::test_fm9b_ingest_and_query_after_t2 PASSED [ 22%]
tests/lab/test_memoryops_fm9_fm10.py::test_fm9c_default_query_time_recorded PASSED [ 33%]
tests/lab/test_memoryops_fm9_fm10.py::test_fm9d_mid_query_time_metadata PASSED [ 44%]
tests/lab/test_memoryops_fm9_fm10.py::test_fm10a_provenance_fields PASSED [ 55%]
tests/lab/test_memoryops_fm9_fm10.py::test_fm10b_edge_to_episode_chain PASSED [ 66%]
tests/lab/test_memoryops_fm9_fm10.py::test_fm10c_reopen_provenance_survives PASSED [ 77%]
tests/lab/test_memoryops_fm9_fm10.py::test_fm10d_scope_provenance_no_leak PASSED [ 88%]
tests/lab/test_memoryops_fm9_fm10.py::test_fm9_fm10_finalize PASSED      [100%]/workspace/Graphiti_fractal_lab/.venv/lib/python3.13/site-packages/_pytest/unraisableexception.py:67: PytestUnraisableExceptionWarning: Exception ignored in: <coroutine object AsyncManagementCommands.shutdown at 0x7f3730f1dcf0>

Traceback (most recent call last):
  File "/usr/lib/python3.13/warnings.py", line 692, in _warn_unawaited_coroutine
    warn(msg, category=RuntimeWarning, stacklevel=2, source=coro)
    ~~~~^^^^^^^^^^^^^^^^^^^^^^^^^^^^^^^^^^^^^^^^^^^^^^^^^^^^^^^^^
RuntimeWarning: coroutine 'AsyncManagementCommands.shutdown' was never awaited

Enable tracemalloc to get traceback where the object was allocated.
See https://docs.pytest.org/en/stable/how-to/capture-warnings.html#resource-warnings for more info.
  warnings.warn(pytest.PytestUnraisableExceptionWarning(msg))
/workspace/Graphiti_fractal_lab/.venv/lib/python3.13/site-packages/_pytest/unraisableexception.py:67: PytestUnraisableExceptionWarning: Exception ignored in: <coroutine object AsyncManagementCommands.shutdown at 0x7f3730f1df10>

Traceback (most recent call last):
  File "/usr/lib/python3.13/warnings.py", line 692, in _warn_unawaited_coroutine
    warn(msg, category=RuntimeWarning, stacklevel=2, source=coro)
    ~~~~^^^^^^^^^^^^^^^^^^^^^^^^^^^^^^^^^^^^^^^^^^^^^^^^^^^^^^^^^
RuntimeWarning: coroutine 'AsyncManagementCommands.shutdown' was never awaited

Enable tracemalloc to get traceback where the object was allocated.
See https://docs.pytest.org/en/stable/how-to/capture-warnings.html#resource-warnings for more info.
  warnings.warn(pytest.PytestUnraisableExceptionWarning(msg))
/workspace/Graphiti_fractal_lab/.venv/lib/python3.13/site-packages/_pytest/unraisableexception.py:67: PytestUnraisableExceptionWarning: Exception ignored in: <coroutine object AsyncManagementCommands.shutdown at 0x7f3730f1c370>

Traceback (most recent call last):
  File "/usr/lib/python3.13/warnings.py", line 692, in _warn_unawaited_coroutine
    warn(msg, category=RuntimeWarning, stacklevel=2, source=coro)
    ~~~~^^^^^^^^^^^^^^^^^^^^^^^^^^^^^^^^^^^^^^^^^^^^^^^^^^^^^^^^^
RuntimeWarning: coroutine 'AsyncManagementCommands.shutdown' was never awaited

Enable tracemalloc to get traceback where the object was allocated.
See https://docs.pytest.org/en/stable/how-to/capture-warnings.html#resource-warnings for more info.
  warnings.warn(pytest.PytestUnraisableExceptionWarning(msg))


=============================== warnings summary ===============================
.venv/lib/python3.13/site-packages/graphiti_core/driver/search_interface/search_interface.py:22
  /workspace/Graphiti_fractal_lab/.venv/lib/python3.13/site-packages/graphiti_core/driver/search_interface/search_interface.py:22: PydanticDeprecatedSince20: Support for class-based `config` is deprecated, use ConfigDict instead. Deprecated in Pydantic V2.0 to be removed in V3.0. See Pydantic V2 Migration Guide at https://errors.pydantic.dev/2.13/migration/
    class SearchInterface(BaseModel):

tests/lab/test_memoryops_fm9_fm10.py::test_fm9c_default_query_time_recorded
  /workspace/Graphiti_fractal_lab/.venv/lib/python3.13/site-packages/_pytest/unraisableexception.py:67: PytestUnraisableExceptionWarning: Exception ignored in: <coroutine object ConnectionPool.disconnect at 0x7f3730f40c70>
  
  Traceback (most recent call last):
    File "/usr/lib/python3.13/warnings.py", line 692, in _warn_unawaited_coroutine
      warn(msg, category=RuntimeWarning, stacklevel=2, source=coro)
      ~~~~^^^^^^^^^^^^^^^^^^^^^^^^^^^^^^^^^^^^^^^^^^^^^^^^^^^^^^^^^
  RuntimeWarning: coroutine 'ConnectionPool.disconnect' was never awaited
  
  Enable tracemalloc to get traceback where the object was allocated.
  See https://docs.pytest.org/en/stable/how-to/capture-warnings.html#resource-warnings for more info.
    warnings.warn(pytest.PytestUnraisableExceptionWarning(msg))

-- Docs: https://docs.pytest.org/en/stable/how-to/capture-warnings.html
======================== 9 passed, 2 warnings in 3.14s =========================
